[2024-04-09T20:22:13.806+0800][gc] Using G1
[2024-04-09T20:22:13.807+0800][gc,init] Version: 17.0.10+7-LTS (release)
[2024-04-09T20:22:13.807+0800][gc,init] CPUs: 8 total, 8 available
[2024-04-09T20:22:13.807+0800][gc,init] Memory: 16384M
[2024-04-09T20:22:13.807+0800][gc,init] Large Page Support: Disabled
[2024-04-09T20:22:13.807+0800][gc,init] NUMA Support: Disabled
[2024-04-09T20:22:13.807+0800][gc,init] Compressed Oops: Enabled (Zero based)
[2024-04-09T20:22:13.807+0800][gc,init] Heap Region Size: 1M
[2024-04-09T20:22:13.807+0800][gc,init] Heap Min Capacity: 512M
[2024-04-09T20:22:13.807+0800][gc,init] Heap Initial Capacity: 512M
[2024-04-09T20:22:13.807+0800][gc,init] Heap Max Capacity: 512M
[2024-04-09T20:22:13.807+0800][gc,init] Pre-touch: Disabled
[2024-04-09T20:22:13.807+0800][gc,init] Parallel Workers: 8
[2024-04-09T20:22:13.807+0800][gc,init] Concurrent Workers: 2
[2024-04-09T20:22:13.807+0800][gc,init] Concurrent Refinement Workers: 8
[2024-04-09T20:22:13.807+0800][gc,init] Periodic GC: Disabled
[2024-04-09T20:22:13.812+0800][gc,metaspace] CDS archive(s) mapped at: [0x0000007000000000-0x0000007000bc0000-0x0000007000bc0000), size 12320768, SharedBaseAddress: 0x0000007000000000, ArchiveRelocationMode: 1.
[2024-04-09T20:22:13.812+0800][gc,metaspace] Compressed class space mapped at: 0x0000007001000000-0x0000007041000000, reserved size: 1073741824
[2024-04-09T20:22:13.812+0800][gc,metaspace] Narrow klass base: 0x0000007000000000, Narrow klass shift: 0, Narrow klass range: 0x100000000
[2024-04-09T20:22:14.947+0800][gc,start    ] GC(0) Pause Young (Normal) (G1 Evacuation Pause)
[2024-04-09T20:22:14.947+0800][gc,task     ] GC(0) Using 8 workers of 8 for evacuation
[2024-04-09T20:22:14.955+0800][gc,phases   ] GC(0)   Pre Evacuate Collection Set: 0.2ms
[2024-04-09T20:22:14.955+0800][gc,phases   ] GC(0)   Merge Heap Roots: 0.1ms
[2024-04-09T20:22:14.955+0800][gc,phases   ] GC(0)   Evacuate Collection Set: 6.9ms
[2024-04-09T20:22:14.955+0800][gc,phases   ] GC(0)   Post Evacuate Collection Set: 0.9ms
[2024-04-09T20:22:14.955+0800][gc,phases   ] GC(0)   Other: 0.7ms
[2024-04-09T20:22:14.956+0800][gc,heap     ] GC(0) Eden regions: 256->0(249)
[2024-04-09T20:22:14.956+0800][gc,heap     ] GC(0) Survivor regions: 0->7(32)
[2024-04-09T20:22:14.956+0800][gc,heap     ] GC(0) Old regions: 0->0
[2024-04-09T20:22:14.956+0800][gc,heap     ] GC(0) Archive regions: 2->2
[2024-04-09T20:22:14.956+0800][gc,heap     ] GC(0) Humongous regions: 0->0
[2024-04-09T20:22:14.956+0800][gc,metaspace] GC(0) Metaspace: 15072K(15296K)->15072K(15296K) NonClass: 13211K(13312K)->13211K(13312K) Class: 1861K(1984K)->1861K(1984K)
[2024-04-09T20:22:14.956+0800][gc          ] GC(0) Pause Young (Normal) (G1 Evacuation Pause) 256M->6M(512M) 9.085ms
[2024-04-09T20:22:14.956+0800][gc,cpu      ] GC(0) User=0.03s Sys=0.01s Real=0.01s
[2024-04-09T20:22:15.934+0800][gc,start    ] GC(1) Pause Young (Concurrent Start) (Metadata GC Threshold)
[2024-04-09T20:22:15.934+0800][gc,task     ] GC(1) Using 8 workers of 8 for evacuation
[2024-04-09T20:22:15.939+0800][gc,phases   ] GC(1)   Pre Evacuate Collection Set: 0.1ms
[2024-04-09T20:22:15.939+0800][gc,phases   ] GC(1)   Merge Heap Roots: 0.1ms
[2024-04-09T20:22:15.939+0800][gc,phases   ] GC(1)   Evacuate Collection Set: 4.5ms
[2024-04-09T20:22:15.939+0800][gc,phases   ] GC(1)   Post Evacuate Collection Set: 0.5ms
[2024-04-09T20:22:15.939+0800][gc,phases   ] GC(1)   Other: 0.2ms
[2024-04-09T20:22:15.939+0800][gc,heap     ] GC(1) Eden regions: 208->0(245)
[2024-04-09T20:22:15.939+0800][gc,heap     ] GC(1) Survivor regions: 7->11(32)
[2024-04-09T20:22:15.939+0800][gc,heap     ] GC(1) Old regions: 0->0
[2024-04-09T20:22:15.939+0800][gc,heap     ] GC(1) Archive regions: 2->2
[2024-04-09T20:22:15.939+0800][gc,heap     ] GC(1) Humongous regions: 0->0
[2024-04-09T20:22:15.939+0800][gc,metaspace] GC(1) Metaspace: 21261K(21504K)->21261K(21504K) NonClass: 18647K(18752K)->18647K(18752K) Class: 2614K(2752K)->2614K(2752K)
[2024-04-09T20:22:15.939+0800][gc          ] GC(1) Pause Young (Concurrent Start) (Metadata GC Threshold) 214M->11M(512M) 5.453ms
[2024-04-09T20:22:15.939+0800][gc,cpu      ] GC(1) User=0.02s Sys=0.00s Real=0.00s
[2024-04-09T20:22:15.939+0800][gc          ] GC(2) Concurrent Mark Cycle
[2024-04-09T20:22:15.939+0800][gc,marking  ] GC(2) Concurrent Clear Claimed Marks
[2024-04-09T20:22:15.939+0800][gc,marking  ] GC(2) Concurrent Clear Claimed Marks 0.024ms
[2024-04-09T20:22:15.939+0800][gc,marking  ] GC(2) Concurrent Scan Root Regions
[2024-04-09T20:22:15.943+0800][gc,marking  ] GC(2) Concurrent Scan Root Regions 3.838ms
[2024-04-09T20:22:15.943+0800][gc,marking  ] GC(2) Concurrent Mark
[2024-04-09T20:22:15.943+0800][gc,marking  ] GC(2) Concurrent Mark From Roots
[2024-04-09T20:22:15.943+0800][gc,task     ] GC(2) Using 2 workers of 2 for marking
[2024-04-09T20:22:15.944+0800][gc,marking  ] GC(2) Concurrent Mark From Roots 0.876ms
[2024-04-09T20:22:15.944+0800][gc,marking  ] GC(2) Concurrent Preclean
[2024-04-09T20:22:15.944+0800][gc,marking  ] GC(2) Concurrent Preclean 0.022ms
[2024-04-09T20:22:15.944+0800][gc,start    ] GC(2) Pause Remark
[2024-04-09T20:22:15.946+0800][gc          ] GC(2) Pause Remark 12M->12M(512M) 1.393ms
[2024-04-09T20:22:15.946+0800][gc,cpu      ] GC(2) User=0.01s Sys=0.00s Real=0.00s
[2024-04-09T20:22:15.946+0800][gc,marking  ] GC(2) Concurrent Mark 2.501ms
[2024-04-09T20:22:15.946+0800][gc,marking  ] GC(2) Concurrent Rebuild Remembered Sets
[2024-04-09T20:22:15.946+0800][gc,marking  ] GC(2) Concurrent Rebuild Remembered Sets 0.019ms
[2024-04-09T20:22:15.946+0800][gc,start    ] GC(2) Pause Cleanup
[2024-04-09T20:22:15.946+0800][gc          ] GC(2) Pause Cleanup 12M->12M(512M) 0.023ms
[2024-04-09T20:22:15.946+0800][gc,cpu      ] GC(2) User=0.00s Sys=0.00s Real=0.00s
[2024-04-09T20:22:15.946+0800][gc,marking  ] GC(2) Concurrent Cleanup for Next Mark
[2024-04-09T20:22:15.947+0800][gc,marking  ] GC(2) Concurrent Cleanup for Next Mark 1.036ms
[2024-04-09T20:22:15.947+0800][gc          ] GC(2) Concurrent Mark Cycle 7.723ms
[2024-04-09T20:22:16.525+0800][gc,start    ] GC(3) Pause Young (Normal) (G1 Evacuation Pause)
[2024-04-09T20:22:16.525+0800][gc,task     ] GC(3) Using 8 workers of 8 for evacuation
[2024-04-09T20:22:16.532+0800][gc,phases   ] GC(3)   Pre Evacuate Collection Set: 0.1ms
[2024-04-09T20:22:16.532+0800][gc,phases   ] GC(3)   Merge Heap Roots: 0.1ms
[2024-04-09T20:22:16.532+0800][gc,phases   ] GC(3)   Evacuate Collection Set: 6.3ms
[2024-04-09T20:22:16.532+0800][gc,phases   ] GC(3)   Post Evacuate Collection Set: 0.7ms
[2024-04-09T20:22:16.532+0800][gc,phases   ] GC(3)   Other: 0.2ms
[2024-04-09T20:22:16.532+0800][gc,heap     ] GC(3) Eden regions: 245->0(241)
[2024-04-09T20:22:16.532+0800][gc,heap     ] GC(3) Survivor regions: 11->15(32)
[2024-04-09T20:22:16.532+0800][gc,heap     ] GC(3) Old regions: 0->0
[2024-04-09T20:22:16.532+0800][gc,heap     ] GC(3) Archive regions: 2->2
[2024-04-09T20:22:16.532+0800][gc,heap     ] GC(3) Humongous regions: 0->0
[2024-04-09T20:22:16.532+0800][gc,metaspace] GC(3) Metaspace: 24472K(24768K)->24472K(24768K) NonClass: 21405K(21568K)->21405K(21568K) Class: 3067K(3200K)->3067K(3200K)
[2024-04-09T20:22:16.532+0800][gc          ] GC(3) Pause Young (Normal) (G1 Evacuation Pause) 256M->15M(512M) 7.542ms
[2024-04-09T20:22:16.532+0800][gc,cpu      ] GC(3) User=0.04s Sys=0.00s Real=0.01s
[2024-04-09T20:22:17.606+0800][gc,start    ] GC(4) Pause Young (Concurrent Start) (Metadata GC Threshold)
[2024-04-09T20:22:17.606+0800][gc,task     ] GC(4) Using 8 workers of 8 for evacuation
[2024-04-09T20:22:17.620+0800][gc,phases   ] GC(4)   Pre Evacuate Collection Set: 0.1ms
[2024-04-09T20:22:17.620+0800][gc,phases   ] GC(4)   Merge Heap Roots: 0.0ms
[2024-04-09T20:22:17.620+0800][gc,phases   ] GC(4)   Evacuate Collection Set: 12.8ms
[2024-04-09T20:22:17.620+0800][gc,phases   ] GC(4)   Post Evacuate Collection Set: 1.1ms
[2024-04-09T20:22:17.620+0800][gc,phases   ] GC(4)   Other: 0.2ms
[2024-04-09T20:22:17.620+0800][gc,heap     ] GC(4) Eden regions: 218->0(235)
[2024-04-09T20:22:17.620+0800][gc,heap     ] GC(4) Survivor regions: 15->21(32)
[2024-04-09T20:22:17.620+0800][gc,heap     ] GC(4) Old regions: 0->0
[2024-04-09T20:22:17.620+0800][gc,heap     ] GC(4) Archive regions: 2->2
[2024-04-09T20:22:17.620+0800][gc,heap     ] GC(4) Humongous regions: 0->0
[2024-04-09T20:22:17.620+0800][gc,metaspace] GC(4) Metaspace: 35608K(35968K)->35608K(35968K) NonClass: 31118K(31296K)->31118K(31296K) Class: 4489K(4672K)->4489K(4672K)
[2024-04-09T20:22:17.620+0800][gc          ] GC(4) Pause Young (Concurrent Start) (Metadata GC Threshold) 233M->21M(512M) 14.470ms
[2024-04-09T20:22:17.620+0800][gc,cpu      ] GC(4) User=0.06s Sys=0.00s Real=0.02s
[2024-04-09T20:22:17.620+0800][gc          ] GC(5) Concurrent Mark Cycle
[2024-04-09T20:22:17.620+0800][gc,marking  ] GC(5) Concurrent Clear Claimed Marks
[2024-04-09T20:22:17.620+0800][gc,marking  ] GC(5) Concurrent Clear Claimed Marks 0.038ms
[2024-04-09T20:22:17.620+0800][gc,marking  ] GC(5) Concurrent Scan Root Regions
[2024-04-09T20:22:17.629+0800][gc,marking  ] GC(5) Concurrent Scan Root Regions 8.441ms
[2024-04-09T20:22:17.629+0800][gc,marking  ] GC(5) Concurrent Mark
[2024-04-09T20:22:17.629+0800][gc,marking  ] GC(5) Concurrent Mark From Roots
[2024-04-09T20:22:17.629+0800][gc,task     ] GC(5) Using 2 workers of 2 for marking
[2024-04-09T20:22:17.630+0800][gc,marking  ] GC(5) Concurrent Mark From Roots 1.523ms
[2024-04-09T20:22:17.630+0800][gc,marking  ] GC(5) Concurrent Preclean
[2024-04-09T20:22:17.630+0800][gc,marking  ] GC(5) Concurrent Preclean 0.025ms
[2024-04-09T20:22:17.630+0800][gc,start    ] GC(5) Pause Remark
[2024-04-09T20:22:17.632+0800][gc          ] GC(5) Pause Remark 23M->23M(512M) 1.633ms
[2024-04-09T20:22:17.632+0800][gc,cpu      ] GC(5) User=0.01s Sys=0.00s Real=0.00s
[2024-04-09T20:22:17.632+0800][gc,marking  ] GC(5) Concurrent Mark 3.362ms
[2024-04-09T20:22:17.632+0800][gc,marking  ] GC(5) Concurrent Rebuild Remembered Sets
[2024-04-09T20:22:17.632+0800][gc,marking  ] GC(5) Concurrent Rebuild Remembered Sets 0.009ms
[2024-04-09T20:22:17.632+0800][gc,start    ] GC(5) Pause Cleanup
[2024-04-09T20:22:17.632+0800][gc          ] GC(5) Pause Cleanup 23M->23M(512M) 0.019ms
[2024-04-09T20:22:17.632+0800][gc,cpu      ] GC(5) User=0.00s Sys=0.00s Real=0.00s
[2024-04-09T20:22:17.632+0800][gc,marking  ] GC(5) Concurrent Cleanup for Next Mark
[2024-04-09T20:22:17.633+0800][gc,marking  ] GC(5) Concurrent Cleanup for Next Mark 1.120ms
[2024-04-09T20:22:17.633+0800][gc          ] GC(5) Concurrent Mark Cycle 13.204ms
[2024-04-09T20:22:17.886+0800][gc,heap,exit] Heap
[2024-04-09T20:22:17.886+0800][gc,heap,exit]  garbage-first heap   total 524288K, used 74070K [0x00000007e0000000, 0x0000000800000000)
[2024-04-09T20:22:17.886+0800][gc,heap,exit]   region size 1024K, 72 young (73728K), 21 survivors (21504K)
[2024-04-09T20:22:17.886+0800][gc,heap,exit]  Metaspace       used 39408K, committed 39808K, reserved 1114112K
[2024-04-09T20:22:17.886+0800][gc,heap,exit]   class space    used 4980K, committed 5184K, reserved 1048576K
