2024-04-03 03:28:38,913 INFO PERFORMANCE:|2|0|-1|-1

2024-04-03 10:50:12,613 INFO PERFORMANCE:|2|0|-1|-1

2024-04-03 16:11:13,066 INFO PERFORMANCE:|2|0|-1|-1

2024-04-03 18:54:00,664 INFO PERFORMANCE:|2|0|-1|-1

2024-04-03 18:59:00,655 INFO PERFORMANCE:|2|0|-1|-1

2024-04-03 19:04:00,685 INFO PERFORMANCE:|2|0|-1|-1

2024-04-03 19:09:00,678 INFO PERFORMANCE:|2|0|-1|-1

2024-04-03 19:14:00,671 INFO PERFORMANCE:|2|0|-1|-1

2024-04-03 19:19:00,665 INFO PERFORMANCE:|2|0|-1|-1

2024-04-03 19:24:00,697 INFO PERFORMANCE:|2|0|-1|-1

2024-04-03 19:29:00,694 INFO PERFORMANCE:|2|0|-1|-1

2024-04-03 19:34:00,689 INFO PERFORMANCE:|2|0|-1|-1

2024-04-03 19:39:00,650 INFO PERFORMANCE:|2|0|-1|-1

2024-04-03 19:44:00,643 INFO PERFORMANCE:|2|0|-1|-1

2024-04-03 19:49:00,638 INFO PERFORMANCE:|2|0|-1|-1

2024-04-03 19:54:00,633 INFO PERFORMANCE:|2|0|-1|-1

2024-04-03 19:59:00,657 INFO PERFORMANCE:|3|4|-1|-1

2024-04-03 20:04:00,655 INFO PERFORMANCE:|3|1|-1|-1

2024-04-03 20:09:00,650 INFO PERFORMANCE:|3|1|-1|-1

2024-04-03 20:14:00,646 INFO PERFORMANCE:|3|1|-1|-1

2024-04-03 20:19:00,643 INFO PERFORMANCE:|3|1|-1|-1

2024-04-03 20:24:00,637 INFO PERFORMANCE:|3|1|-1|-1

